Using pre-set license
Built from '2022.3/staging' branch; Version is '2022.3.33f1 (b2c853adf198) revision 11716691'; Using compiler version '192829333'; Build Type 'Release'
OS: 'Windows 11  (10.0.22631) 64bit Professional' Language: 'es' Physical Memory: 32694 MB
BatchMode: 1, IsHumanControllingUs: 0, StartBugReporterOnCrash: 0, Is64bit: 1, IsPro: 1

COMMAND LINE ARGUMENTS:
C:\Program Files\Unity\Hub\Editor\2022.3.33f1\Editor\Unity.exe
-adb2
-batchMode
-noUpm
-name
AssetImportWorker0
-projectPath
D:/GRADO/GRADO/4toCARRERA/Xarxes i Videojocs Online/Repositorio/Online_Videogame/Online_Videogame
-logFile
Logs/AssetImportWorker0.log
-srvPort
52001
Successfully changed project path to: D:/GRADO/GRADO/4toCARRERA/Xarxes i Videojocs Online/Repositorio/Online_Videogame/Online_Videogame
D:/GRADO/GRADO/4toCARRERA/Xarxes i Videojocs Online/Repositorio/Online_Videogame/Online_Videogame
[UnityMemory] Configuration Parameters - Can be set up in boot.config
    "memorysetup-bucket-allocator-granularity=16"
    "memorysetup-bucket-allocator-bucket-count=8"
    "memorysetup-bucket-allocator-block-size=33554432"
    "memorysetup-bucket-allocator-block-count=8"
    "memorysetup-main-allocator-block-size=16777216"
    "memorysetup-thread-allocator-block-size=16777216"
    "memorysetup-gfx-main-allocator-block-size=16777216"
    "memorysetup-gfx-thread-allocator-block-size=16777216"
    "memorysetup-cache-allocator-block-size=4194304"
    "memorysetup-typetree-allocator-block-size=2097152"
    "memorysetup-profiler-bucket-allocator-granularity=16"
    "memorysetup-profiler-bucket-allocator-bucket-count=8"
    "memorysetup-profiler-bucket-allocator-block-size=33554432"
    "memorysetup-profiler-bucket-allocator-block-count=8"
    "memorysetup-profiler-allocator-block-size=16777216"
    "memorysetup-profiler-editor-allocator-block-size=1048576"
    "memorysetup-temp-allocator-size-main=16777216"
    "memorysetup-job-temp-allocator-block-size=2097152"
    "memorysetup-job-temp-allocator-block-size-background=1048576"
    "memorysetup-job-temp-allocator-reduction-small-platforms=262144"
    "memorysetup-allocator-temp-initial-block-size-main=262144"
    "memorysetup-allocator-temp-initial-block-size-worker=262144"
    "memorysetup-temp-allocator-size-background-worker=32768"
    "memorysetup-temp-allocator-size-job-worker=262144"
    "memorysetup-temp-allocator-size-preload-manager=33554432"
    "memorysetup-temp-allocator-size-nav-mesh-worker=65536"
    "memorysetup-temp-allocator-size-audio-worker=65536"
    "memorysetup-temp-allocator-size-cloud-worker=32768"
    "memorysetup-temp-allocator-size-gi-baking-worker=262144"
    "memorysetup-temp-allocator-size-gfx=262144"
Player connection [22172] Host "[IP] 192.168.1.132 [Port] 0 [Flags] 2 [Guid] 2462610052 [EditorId] 2462610052 [Version] 1048832 [Id] WindowsEditor(7,DESKTOP-TOTO) [Debug] 1 [PackageName] WindowsEditor [ProjectName] Editor" joined multi-casting on [225.0.0.222:54997]...

Player connection [22172] Host "[IP] 192.168.1.132 [Port] 0 [Flags] 2 [Guid] 2462610052 [EditorId] 2462610052 [Version] 1048832 [Id] WindowsEditor(7,DESKTOP-TOTO) [Debug] 1 [PackageName] WindowsEditor [ProjectName] Editor" joined alternative multi-casting on [225.0.0.222:34997]...

[PhysX] Initialized MultithreadedTaskDispatcher with 12 workers.
Refreshing native plugins compatible for Editor in 10.57 ms, found 3 plugins.
Preloading 0 native plugins for Editor in 0.00 ms.
Initialize engine version: 2022.3.33f1 (b2c853adf198)
[Subsystems] Discovering subsystems at path C:/Program Files/Unity/Hub/Editor/2022.3.33f1/Editor/Data/Resources/UnitySubsystems
[Subsystems] Discovering subsystems at path D:/GRADO/GRADO/4toCARRERA/Xarxes i Videojocs Online/Repositorio/Online_Videogame/Online_Videogame/Assets
GfxDevice: creating device client; threaded=0; jobified=0
Direct3D:
    Version:  Direct3D 11.0 [level 11.1]
    Renderer: AMD Radeon RX 7800 XT (ID=0x747e)
    Vendor:   ATI
    VRAM:     16152 MB
    Driver:   32.0.12011.1036
Initialize mono
Mono path[0] = 'C:/Program Files/Unity/Hub/Editor/2022.3.33f1/Editor/Data/Managed'
Mono path[1] = 'C:/Program Files/Unity/Hub/Editor/2022.3.33f1/Editor/Data/MonoBleedingEdge/lib/mono/unityjit-win32'
Mono config path = 'C:/Program Files/Unity/Hub/Editor/2022.3.33f1/Editor/Data/MonoBleedingEdge/etc'
Using monoOptions --debugger-agent=transport=dt_socket,embedding=1,server=y,suspend=n,address=127.0.0.1:56076
Begin MonoManager ReloadAssembly
Registering precompiled unity dll's ...
Register platform support module: C:/Program Files/Unity/Hub/Editor/2022.3.33f1/Editor/Data/PlaybackEngines/WindowsStandaloneSupport/UnityEditor.WindowsStandalone.Extensions.dll
Registered in 0.026460 seconds.
- Loaded All Assemblies, in  0.468 seconds
Native extension for WindowsStandalone target not found
Mono: successfully reloaded assembly
- Finished resetting the current domain, in  0.284 seconds
Domain Reload Profiling: 745ms
	BeginReloadAssembly (150ms)
		ExecutionOrderSort (0ms)
		DisableScriptedObjects (0ms)
		BackupInstance (0ms)
		ReleaseScriptingObjects (0ms)
		CreateAndSetChildDomain (2ms)
	RebuildCommonClasses (34ms)
	RebuildNativeTypeToScriptingClass (11ms)
	initialDomainReloadingComplete (92ms)
	LoadAllAssembliesAndSetupDomain (174ms)
		LoadAssemblies (137ms)
		RebuildTransferFunctionScriptingTraits (0ms)
		AnalyzeDomain (172ms)
			TypeCache.Refresh (171ms)
				TypeCache.ScanAssembly (153ms)
			ScanForSourceGeneratedMonoScriptInfo (0ms)
			ResolveRequiredComponents (0ms)
	FinalizeReload (285ms)
		ReleaseScriptCaches (0ms)
		RebuildScriptCaches (0ms)
		SetupLoadedEditorAssemblies (231ms)
			LogAssemblyErrors (0ms)
			InitializePlatformSupportModulesInManaged (13ms)
			SetLoadedEditorAssemblies (7ms)
			RefreshPlugins (0ms)
			BeforeProcessingInitializeOnLoad (3ms)
			ProcessInitializeOnLoadAttributes (158ms)
			ProcessInitializeOnLoadMethodAttributes (50ms)
			AfterProcessingInitializeOnLoad (0ms)
			EditorAssembliesLoaded (0ms)
		ExecutionOrderSort2 (0ms)
		AwakeInstancesAfterBackupRestoration (0ms)
========================================================================
Worker process is ready to serve import requests
Begin MonoManager ReloadAssembly
- Loaded All Assemblies, in  0.820 seconds
Refreshing native plugins compatible for Editor in 3.22 ms, found 3 plugins.
Native extension for WindowsStandalone target not found
Package Manager log level set to [2]
[Package Manager] Server::EnsureServerProcessIsRunning -- launch failed, reason: Unity was launched with the -noUpm command-line argument
[Package Manager] UpmClient::Send -- Unable to send message (not connected to UPM process).
[Package Manager] Cannot connect to Unity Package Manager local server
Mono: successfully reloaded assembly
- Finished resetting the current domain, in  0.598 seconds
Domain Reload Profiling: 1414ms
	BeginReloadAssembly (201ms)
		ExecutionOrderSort (0ms)
		DisableScriptedObjects (5ms)
		BackupInstance (0ms)
		ReleaseScriptingObjects (0ms)
		CreateAndSetChildDomain (20ms)
	RebuildCommonClasses (35ms)
	RebuildNativeTypeToScriptingClass (9ms)
	initialDomainReloadingComplete (57ms)
	LoadAllAssembliesAndSetupDomain (513ms)
		LoadAssemblies (436ms)
		RebuildTransferFunctionScriptingTraits (0ms)
		AnalyzeDomain (214ms)
			TypeCache.Refresh (196ms)
				TypeCache.ScanAssembly (182ms)
			ScanForSourceGeneratedMonoScriptInfo (12ms)
			ResolveRequiredComponents (4ms)
	FinalizeReload (598ms)
		ReleaseScriptCaches (0ms)
		RebuildScriptCaches (0ms)
		SetupLoadedEditorAssemblies (466ms)
			LogAssemblyErrors (0ms)
			InitializePlatformSupportModulesInManaged (11ms)
			SetLoadedEditorAssemblies (3ms)
			RefreshPlugins (0ms)
			BeforeProcessingInitializeOnLoad (65ms)
			ProcessInitializeOnLoadAttributes (346ms)
			ProcessInitializeOnLoadMethodAttributes (20ms)
			AfterProcessingInitializeOnLoad (21ms)
			EditorAssembliesLoaded (0ms)
		ExecutionOrderSort2 (0ms)
		AwakeInstancesAfterBackupRestoration (7ms)
Launched and connected shader compiler UnityShaderCompiler.exe after 0.07 seconds
Refreshing native plugins compatible for Editor in 3.37 ms, found 3 plugins.
Preloading 0 native plugins for Editor in 0.00 ms.
Unloading 3121 Unused Serialized files (Serialized files now loaded: 0)
Unloading 33 unused Assets / (57.9 KB). Loaded Objects now: 3585.
Memory consumption went from 124.8 MB to 124.8 MB.
Total: 2.813600 ms (FindLiveObjects: 0.189500 ms CreateObjectMapping: 0.078400 ms MarkObjects: 2.451500 ms  DeleteObjects: 0.093600 ms)

AssetImportParameters requested are different than current active one (requested -> active):
  custom:container-demuxer-ogg: 62fdf1f143b41e24485cea50d1cbac27 -> 
  custom:video-decoder-ogg-theora: a1e56fd34408186e4bbccfd4996cb3dc -> 
  custom:framework-win-MediaFoundation: 216162199b28c13a410421893ffa2e32 -> 
  custom:CustomObjectIndexerAttribute: 9a22284fe3817be447336de3de66b15e -> 
  custom:container-demuxer-webm: 4f35f7cbe854078d1ac9338744f61a02 -> 
  custom:container-muxer-webm: aa71ff27fc2769a1b78a27578f13a17b -> 
  custom:video-decoder-webm-vp8: 9c59270c3fd7afecdb556c50c9e8de78 -> 
  custom:SearchIndexIgnoredProperties: e643bd26f0fe6173181afceb89e7c659 -> 
  custom:AudioImporter_EditorPlatform: d09bf68614088b80899f8185d706f6e7 -> 
  custom:video-encoder-webm-vp8: eb34c28f22e8b96e1ab97ce403110664 -> 
  custom:audio-decoder-ogg-vorbis: bf7c407c2cedff20999df2af8eb42d56 -> 
  custom:audio-encoder-webm-vorbis: bf7c407c2cedff20999df2af8eb42d56 -> 
========================================================================
Received Import Request.
  Time since last request: 2017.237176 seconds.
  path: Assets/Prefabs/SFX.prefab
  artifactKey: Guid(169b4b17ee4920a479a3ee512d5381ac) Importer(815301076,1909f56bfc062723c751e8b465ee728b)
Start importing Assets/Prefabs/SFX.prefab using Guid(169b4b17ee4920a479a3ee512d5381ac) Importer(815301076,1909f56bfc062723c751e8b465ee728b) [PhysX] Initialized MultithreadedTaskDispatcher with 12 workers.
 -> (artifact id: '0cc8f785e72cd75576051fa623fe9e82') in 0.028114 seconds
Number of updated asset objects reloaded before import = 0
Number of asset objects unloaded after import = 5
========================================================================
Received Import Request.
  Time since last request: 0.022919 seconds.
  path: Assets/Scripts/Client/ClientUDP.cs
  artifactKey: Guid(5ded76a535ab860498072928ea7a5925) Importer(815301076,1909f56bfc062723c751e8b465ee728b)
Start importing Assets/Scripts/Client/ClientUDP.cs using Guid(5ded76a535ab860498072928ea7a5925) Importer(815301076,1909f56bfc062723c751e8b465ee728b) [PhysX] Initialized MultithreadedTaskDispatcher with 12 workers.
 -> (artifact id: 'bd88a843025702200ef8f5846ffaaa07') in 0.000480 seconds
Number of updated asset objects reloaded before import = 0
Number of asset objects unloaded after import = 0
========================================================================
Received Import Request.
  Time since last request: 0.008285 seconds.
  path: Assets/3rd Party/ShareTechMono-Regular SDF.asset
  artifactKey: Guid(38587b29c9e85aa4ab7eafbc527ce4ff) Importer(815301076,1909f56bfc062723c751e8b465ee728b)
Start importing Assets/3rd Party/ShareTechMono-Regular SDF.asset using Guid(38587b29c9e85aa4ab7eafbc527ce4ff) Importer(815301076,1909f56bfc062723c751e8b465ee728b) [PhysX] Initialized MultithreadedTaskDispatcher with 12 workers.
[PhysX] Initialized MultithreadedTaskDispatcher with 12 workers.
[PhysX] Initialized MultithreadedTaskDispatcher with 12 workers.
 -> (artifact id: 'bb81b60d5cde5c04b0872046a6d3d640') in 0.115651 seconds
Number of updated asset objects reloaded before import = 0
Number of asset objects unloaded after import = 6
========================================================================
Received Import Request.
  Time since last request: 0.756217 seconds.
  path: Assets/Scenes/Start.unity
  artifactKey: Guid(21255b9cdf00d6f4e80ddbfb72e4c2d7) Importer(815301076,1909f56bfc062723c751e8b465ee728b)
Start importing Assets/Scenes/Start.unity using Guid(21255b9cdf00d6f4e80ddbfb72e4c2d7) Importer(815301076,1909f56bfc062723c751e8b465ee728b) [PhysX] Initialized MultithreadedTaskDispatcher with 12 workers.
 -> (artifact id: '8e97062118b7b5ba919183ca2eeb86c4') in 0.000386 seconds
Number of updated asset objects reloaded before import = 0
Number of asset objects unloaded after import = 0
========================================================================
Received Import Request.
  Time since last request: 0.331997 seconds.
  path: Assets/Sprites/Volume.jpg
  artifactKey: Guid(8df1ee9ca1048434ab1407ec4c4dbedb) Importer(815301076,1909f56bfc062723c751e8b465ee728b)
Start importing Assets/Sprites/Volume.jpg using Guid(8df1ee9ca1048434ab1407ec4c4dbedb) Importer(815301076,1909f56bfc062723c751e8b465ee728b) [PhysX] Initialized MultithreadedTaskDispatcher with 12 workers.
[PhysX] Initialized MultithreadedTaskDispatcher with 12 workers.
 -> (artifact id: 'edd312ebaea152f92692e466dd040363') in 0.068031 seconds
Number of updated asset objects reloaded before import = 0
Number of asset objects unloaded after import = 2
========================================================================
Received Import Request.
  Time since last request: 0.091098 seconds.
  path: Assets/Scenes/Exercise1_Server.unity
  artifactKey: Guid(265fdcf7031dcc44d82c57941e41270c) Importer(815301076,1909f56bfc062723c751e8b465ee728b)
Start importing Assets/Scenes/Exercise1_Server.unity using Guid(265fdcf7031dcc44d82c57941e41270c) Importer(815301076,1909f56bfc062723c751e8b465ee728b) [PhysX] Initialized MultithreadedTaskDispatcher with 12 workers.
 -> (artifact id: 'ae61566d44ceb7fca3ab36c8fff97979') in 0.000406 seconds
Number of updated asset objects reloaded before import = 0
Number of asset objects unloaded after import = 0
========================================================================
Received Import Request.
  Time since last request: 0.106583 seconds.
  path: Assets/Scripts/Client/ClientTCP.cs
  artifactKey: Guid(030c7cb072693f842841023f7e9e1662) Importer(815301076,1909f56bfc062723c751e8b465ee728b)
Start importing Assets/Scripts/Client/ClientTCP.cs using Guid(030c7cb072693f842841023f7e9e1662) Importer(815301076,1909f56bfc062723c751e8b465ee728b) [PhysX] Initialized MultithreadedTaskDispatcher with 12 workers.
 -> (artifact id: '91e9724c4ad90abc586fe1e3074764e1') in 0.000366 seconds
Number of updated asset objects reloaded before import = 0
Number of asset objects unloaded after import = 0
========================================================================
Received Import Request.
  Time since last request: 0.014204 seconds.
  path: Assets/Prefabs/Player Client.prefab
  artifactKey: Guid(e82de559f373c114cbaa17da91099527) Importer(815301076,1909f56bfc062723c751e8b465ee728b)
Start importing Assets/Prefabs/Player Client.prefab using Guid(e82de559f373c114cbaa17da91099527) Importer(815301076,1909f56bfc062723c751e8b465ee728b) [PhysX] Initialized MultithreadedTaskDispatcher with 12 workers.
[PhysX] Initialized MultithreadedTaskDispatcher with 12 workers.
 -> (artifact id: 'f6114771431d7b6afd8bb59dd77c4f37') in 0.141560 seconds
Number of updated asset objects reloaded before import = 0
Number of asset objects unloaded after import = 123
========================================================================
Received Import Request.
  Time since last request: 0.032315 seconds.
  path: Assets/Scripts/Player/PlayerControllerClient.cs
  artifactKey: Guid(8ff210b33a53b4741a8947244977f693) Importer(815301076,1909f56bfc062723c751e8b465ee728b)
Start importing Assets/Scripts/Player/PlayerControllerClient.cs using Guid(8ff210b33a53b4741a8947244977f693) Importer(815301076,1909f56bfc062723c751e8b465ee728b) [PhysX] Initialized MultithreadedTaskDispatcher with 12 workers.
 -> (artifact id: '038aedec5d4c8aa8d558cdf6009d2dad') in 0.000521 seconds
Number of updated asset objects reloaded before import = 0
Number of asset objects unloaded after import = 0
========================================================================
Received Import Request.
  Time since last request: 0.027661 seconds.
  path: Assets/Scripts/SceneManager/SceneChanger.cs
  artifactKey: Guid(ce880ccb237569843baa09d0c0d90406) Importer(815301076,1909f56bfc062723c751e8b465ee728b)
Start importing Assets/Scripts/SceneManager/SceneChanger.cs using Guid(ce880ccb237569843baa09d0c0d90406) Importer(815301076,1909f56bfc062723c751e8b465ee728b) [PhysX] Initialized MultithreadedTaskDispatcher with 12 workers.
 -> (artifact id: '3507a5d7b3204f99ebd64824cfac9d61') in 0.000524 seconds
Number of updated asset objects reloaded before import = 0
Number of asset objects unloaded after import = 0
========================================================================
Received Import Request.
  Time since last request: 0.514380 seconds.
  path: Assets/Scripts/Player/PlayerController.cs
  artifactKey: Guid(ca1c93c9b278b9545af63c824419fbdc) Importer(815301076,1909f56bfc062723c751e8b465ee728b)
Start importing Assets/Scripts/Player/PlayerController.cs using Guid(ca1c93c9b278b9545af63c824419fbdc) Importer(815301076,1909f56bfc062723c751e8b465ee728b) [PhysX] Initialized MultithreadedTaskDispatcher with 12 workers.
 -> (artifact id: 'b581509bcab7f565be1856fd32dce41c') in 0.000374 seconds
Number of updated asset objects reloaded before import = 0
Number of asset objects unloaded after import = 0
========================================================================
Received Import Request.
  Time since last request: 0.302955 seconds.
  path: Assets/Sprites/VolumeOnBlack 1.png
  artifactKey: Guid(98ff55111a543e14988fc42fbe39816c) Importer(815301076,1909f56bfc062723c751e8b465ee728b)
Start importing Assets/Sprites/VolumeOnBlack 1.png using Guid(98ff55111a543e14988fc42fbe39816c) Importer(815301076,1909f56bfc062723c751e8b465ee728b) [PhysX] Initialized MultithreadedTaskDispatcher with 12 workers.
[PhysX] Initialized MultithreadedTaskDispatcher with 12 workers.
 -> (artifact id: 'bdf2d184d4088a39cc0e0c56970ad23d') in 0.042994 seconds
Number of updated asset objects reloaded before import = 0
Number of asset objects unloaded after import = 3
========================================================================
Received Import Request.
  Time since last request: 0.865246 seconds.
  path: Assets/Scripts/Audio/Volume.cs
  artifactKey: Guid(bbf0aaa7d8ead8841b2ca4081fc9b401) Importer(815301076,1909f56bfc062723c751e8b465ee728b)
Start importing Assets/Scripts/Audio/Volume.cs using Guid(bbf0aaa7d8ead8841b2ca4081fc9b401) Importer(815301076,1909f56bfc062723c751e8b465ee728b) [PhysX] Initialized MultithreadedTaskDispatcher with 12 workers.
 -> (artifact id: '57c4677c0fde806151861852bfcded39') in 0.000488 seconds
Number of updated asset objects reloaded before import = 0
Number of asset objects unloaded after import = 0
========================================================================
Received Import Request.
  Time since last request: 0.068381 seconds.
  path: Assets/TextMesh Pro/Resources/Fonts & Materials/LiberationSans SDF - Fallback.asset
  artifactKey: Guid(2e498d1c8094910479dc3e1b768306a4) Importer(815301076,1909f56bfc062723c751e8b465ee728b)
Start importing Assets/TextMesh Pro/Resources/Fonts & Materials/LiberationSans SDF - Fallback.asset using Guid(2e498d1c8094910479dc3e1b768306a4) Importer(815301076,1909f56bfc062723c751e8b465ee728b) [PhysX] Initialized MultithreadedTaskDispatcher with 12 workers.
[PhysX] Initialized MultithreadedTaskDispatcher with 12 workers.
[PhysX] Initialized MultithreadedTaskDispatcher with 12 workers.
 -> (artifact id: '29b4035a985daf554fcd554f0f5060fe') in 0.020760 seconds
Number of updated asset objects reloaded before import = 0
Number of asset objects unloaded after import = 6
========================================================================
Received Import Request.
  Time since last request: 0.164842 seconds.
  path: Assets/Scripts/Server/ServerUDP.cs
  artifactKey: Guid(f7e8e958e30322c4c80b9006753ae2f2) Importer(815301076,1909f56bfc062723c751e8b465ee728b)
Start importing Assets/Scripts/Server/ServerUDP.cs using Guid(f7e8e958e30322c4c80b9006753ae2f2) Importer(815301076,1909f56bfc062723c751e8b465ee728b) [PhysX] Initialized MultithreadedTaskDispatcher with 12 workers.
 -> (artifact id: 'aba4a5a6a1550eae0953f83fe7b1ab7e') in 0.000445 seconds
Number of updated asset objects reloaded before import = 0
Number of asset objects unloaded after import = 0
========================================================================
Received Import Request.
  Time since last request: 0.494722 seconds.
  path: Assets/Prefabs/Player.prefab
  artifactKey: Guid(70e807b61e24f4143ab8d3b8b3f322ed) Importer(815301076,1909f56bfc062723c751e8b465ee728b)
Start importing Assets/Prefabs/Player.prefab using Guid(70e807b61e24f4143ab8d3b8b3f322ed) Importer(815301076,1909f56bfc062723c751e8b465ee728b) [PhysX] Initialized MultithreadedTaskDispatcher with 12 workers.
[PhysX] Initialized MultithreadedTaskDispatcher with 12 workers.
 -> (artifact id: '598b66aa133ab92a6297bb8afccfac1f') in 0.036312 seconds
Number of updated asset objects reloaded before import = 0
Number of asset objects unloaded after import = 123
========================================================================
Received Import Request.
  Time since last request: 70.806302 seconds.
  path: Assets/3rd Party/ShareTechMono-Regular SDF.asset
  artifactKey: Guid(38587b29c9e85aa4ab7eafbc527ce4ff) Importer(2089858483,0ecaa5967403d082aa24f35e1b516d23)
Start importing Assets/3rd Party/ShareTechMono-Regular SDF.asset using Guid(38587b29c9e85aa4ab7eafbc527ce4ff) Importer(2089858483,0ecaa5967403d082aa24f35e1b516d23) [PhysX] Initialized MultithreadedTaskDispatcher with 12 workers.
 -> (artifact id: 'ab86ef1d071f06029907dfce33b685f0') in 0.179635 seconds
Number of updated asset objects reloaded before import = 0
Number of asset objects unloaded after import = 5
========================================================================
Received Import Request.
  Time since last request: 0.000016 seconds.
  path: Assets/TextMesh Pro/Shaders/TMPro_Mobile.cginc
  artifactKey: Guid(c334973cef89a9840b0b0c507e0377ab) Importer(2089858483,0ecaa5967403d082aa24f35e1b516d23)
Start importing Assets/TextMesh Pro/Shaders/TMPro_Mobile.cginc using Guid(c334973cef89a9840b0b0c507e0377ab) Importer(2089858483,0ecaa5967403d082aa24f35e1b516d23) [PhysX] Initialized MultithreadedTaskDispatcher with 12 workers.
 -> (artifact id: '47b7fa0878151b1ad0378dd7ceecba9b') in 0.008673 seconds
Number of updated asset objects reloaded before import = 0
Number of asset objects unloaded after import = 1
========================================================================
Received Import Request.
  Time since last request: 0.000024 seconds.
  path: Assets/TextMesh Pro/Sprites/EmojiOne.json
  artifactKey: Guid(8f05276190cf498a8153f6cbe761d4e6) Importer(2089858483,0ecaa5967403d082aa24f35e1b516d23)
Start importing Assets/TextMesh Pro/Sprites/EmojiOne.json using Guid(8f05276190cf498a8153f6cbe761d4e6) Importer(2089858483,0ecaa5967403d082aa24f35e1b516d23) [PhysX] Initialized MultithreadedTaskDispatcher with 12 workers.
 -> (artifact id: 'ac72fdd73b0e51489a4d29b461f51fe0') in 0.011589 seconds
Number of updated asset objects reloaded before import = 0
Number of asset objects unloaded after import = 1
========================================================================
Received Import Request.
  Time since last request: 0.000016 seconds.
  path: Assets/TextMesh Pro/Shaders/TMPro.cginc
  artifactKey: Guid(407bc68d299748449bbf7f48ee690f8d) Importer(2089858483,0ecaa5967403d082aa24f35e1b516d23)
Start importing Assets/TextMesh Pro/Shaders/TMPro.cginc using Guid(407bc68d299748449bbf7f48ee690f8d) Importer(2089858483,0ecaa5967403d082aa24f35e1b516d23) [PhysX] Initialized MultithreadedTaskDispatcher with 12 workers.
 -> (artifact id: 'eeb77df02a3a34fb6f2e7375875faf9a') in 0.008196 seconds
Number of updated asset objects reloaded before import = 0
Number of asset objects unloaded after import = 1
========================================================================
Received Import Request.
  Time since last request: 0.000012 seconds.
  path: Assets/Sprites/VolumeOnBlack.png
  artifactKey: Guid(f46effb34e4cb4f4e802de0b75493f0e) Importer(2089858483,0ecaa5967403d082aa24f35e1b516d23)
Start importing Assets/Sprites/VolumeOnBlack.png using Guid(f46effb34e4cb4f4e802de0b75493f0e) Importer(2089858483,0ecaa5967403d082aa24f35e1b516d23) [PhysX] Initialized MultithreadedTaskDispatcher with 12 workers.
 -> (artifact id: 'c47d29f3d946cf4eda7f85b1339d0730') in 0.065817 seconds
Number of updated asset objects reloaded before import = 0
Number of asset objects unloaded after import = 1
========================================================================
Received Import Request.
  Time since last request: 0.000023 seconds.
  path: Assets/TextMesh Pro/Shaders/TMP_SDF-Mobile Overlay.shader
  artifactKey: Guid(a02a7d8c237544f1962732b55a9aebf1) Importer(2089858483,0ecaa5967403d082aa24f35e1b516d23)
Start importing Assets/TextMesh Pro/Shaders/TMP_SDF-Mobile Overlay.shader using Guid(a02a7d8c237544f1962732b55a9aebf1) Importer(2089858483,0ecaa5967403d082aa24f35e1b516d23) [PhysX] Initialized MultithreadedTaskDispatcher with 12 workers.
 -> (artifact id: '76c199715b924c0cd0853a72f04a5427') in 0.016421 seconds
Number of updated asset objects reloaded before import = 0
Number of asset objects unloaded after import = 1
========================================================================
Received Import Request.
  Time since last request: 0.000018 seconds.
  path: Assets/Prefabs/Pause.prefab
  artifactKey: Guid(5c48d86db066de045b1aee83efb4a707) Importer(2089858483,0ecaa5967403d082aa24f35e1b516d23)
Start importing Assets/Prefabs/Pause.prefab using Guid(5c48d86db066de045b1aee83efb4a707) Importer(2089858483,0ecaa5967403d082aa24f35e1b516d23) [PhysX] Initialized MultithreadedTaskDispatcher with 12 workers.
 -> (artifact id: '95e60120e1e5f0abe51a52a3efe3caba') in 0.071498 seconds
Number of updated asset objects reloaded before import = 0
Number of asset objects unloaded after import = 125
========================================================================
Received Import Request.
  Time since last request: 0.000023 seconds.
  path: Assets/3rd Party/Megapoly.Art/Vintage Controls/Meshes/JackInput.FBX
  artifactKey: Guid(8361119af2b226349a51449259d97504) Importer(2089858483,0ecaa5967403d082aa24f35e1b516d23)
Start importing Assets/3rd Party/Megapoly.Art/Vintage Controls/Meshes/JackInput.FBX using Guid(8361119af2b226349a51449259d97504) Importer(2089858483,0ecaa5967403d082aa24f35e1b516d23) [PhysX] Initialized MultithreadedTaskDispatcher with 12 workers.
 -> (artifact id: 'd07ced4f213bcf8b54a5b526ed27df4c') in 0.048559 seconds
Number of updated asset objects reloaded before import = 0
Number of asset objects unloaded after import = 9
========================================================================
Received Import Request.
  Time since last request: 0.000022 seconds.
  path: Assets/Scripts/Player/UserData.cs
  artifactKey: Guid(08143d21e517a9c46aff4ba690367ab2) Importer(2089858483,0ecaa5967403d082aa24f35e1b516d23)
Start importing Assets/Scripts/Player/UserData.cs using Guid(08143d21e517a9c46aff4ba690367ab2) Importer(2089858483,0ecaa5967403d082aa24f35e1b516d23) [PhysX] Initialized MultithreadedTaskDispatcher with 12 workers.
 -> (artifact id: '57be49f238a357a2efc10977d29886d9') in 0.010765 seconds
Number of updated asset objects reloaded before import = 0
Number of asset objects unloaded after import = 1
========================================================================
Received Import Request.
  Time since last request: 0.000015 seconds.
  path: Assets/Prefabs/Player.prefab
  artifactKey: Guid(70e807b61e24f4143ab8d3b8b3f322ed) Importer(2089858483,0ecaa5967403d082aa24f35e1b516d23)
Start importing Assets/Prefabs/Player.prefab using Guid(70e807b61e24f4143ab8d3b8b3f322ed) Importer(2089858483,0ecaa5967403d082aa24f35e1b516d23) [PhysX] Initialized MultithreadedTaskDispatcher with 12 workers.
 -> (artifact id: '6eaf7c63d5badc3d670f712d96f49fae') in 0.060054 seconds
Number of updated asset objects reloaded before import = 0
Number of asset objects unloaded after import = 120
========================================================================
Received Import Request.
  Time since last request: 0.000016 seconds.
  path: Assets/TextMesh Pro/Shaders/TMP_Bitmap-Custom-Atlas.shader
  artifactKey: Guid(48bb5f55d8670e349b6e614913f9d910) Importer(2089858483,0ecaa5967403d082aa24f35e1b516d23)
Start importing Assets/TextMesh Pro/Shaders/TMP_Bitmap-Custom-Atlas.shader using Guid(48bb5f55d8670e349b6e614913f9d910) Importer(2089858483,0ecaa5967403d082aa24f35e1b516d23) [PhysX] Initialized MultithreadedTaskDispatcher with 12 workers.
 -> (artifact id: 'b336b6075d5b4364c12d69d241ecd62b') in 0.010537 seconds
Number of updated asset objects reloaded before import = 0
Number of asset objects unloaded after import = 1
========================================================================
Received Import Request.
  Time since last request: 0.000039 seconds.
  path: Assets/Sprites/Volume.jpg
  artifactKey: Guid(8df1ee9ca1048434ab1407ec4c4dbedb) Importer(2089858483,0ecaa5967403d082aa24f35e1b516d23)
Start importing Assets/Sprites/Volume.jpg using Guid(8df1ee9ca1048434ab1407ec4c4dbedb) Importer(2089858483,0ecaa5967403d082aa24f35e1b516d23) [PhysX] Initialized MultithreadedTaskDispatcher with 12 workers.
 -> (artifact id: '73557eae2b27f535516e586c229ffbc8') in 0.022838 seconds
Number of updated asset objects reloaded before import = 0
Number of asset objects unloaded after import = 1
========================================================================
Received Import Request.
  Time since last request: 0.000023 seconds.
  path: Assets/3rd Party/Megapoly.Art/Vintage Controls/Meshes/ControlTable_2.FBX
  artifactKey: Guid(b511be1ea6767d34ab1443f10cb39488) Importer(2089858483,0ecaa5967403d082aa24f35e1b516d23)
Start importing Assets/3rd Party/Megapoly.Art/Vintage Controls/Meshes/ControlTable_2.FBX using Guid(b511be1ea6767d34ab1443f10cb39488) Importer(2089858483,0ecaa5967403d082aa24f35e1b516d23) [PhysX] Initialized MultithreadedTaskDispatcher with 12 workers.
 -> (artifact id: '0a0c828fe3134a4ce5c6d7564d601cbe') in 0.024344 seconds
Number of updated asset objects reloaded before import = 0
Number of asset objects unloaded after import = 7
========================================================================
Received Import Request.
  Time since last request: 0.000023 seconds.
  path: Assets/Sprites/VolumeOFFBlack.png
  artifactKey: Guid(a8c7d7c897a5a12458c31c11b7621b7e) Importer(2089858483,0ecaa5967403d082aa24f35e1b516d23)
Start importing Assets/Sprites/VolumeOFFBlack.png using Guid(a8c7d7c897a5a12458c31c11b7621b7e) Importer(2089858483,0ecaa5967403d082aa24f35e1b516d23) [PhysX] Initialized MultithreadedTaskDispatcher with 12 workers.
 -> (artifact id: 'd365c179491b42008d5231f0dbf5c825') in 0.017949 seconds
Number of updated asset objects reloaded before import = 0
Number of asset objects unloaded after import = 1
========================================================================
Received Import Request.
  Time since last request: 0.000013 seconds.
  path: Assets/3rd Party/Megapoly.Art/Vintage Controls/Materials/Emission Red.mat
  artifactKey: Guid(a5f548628bcc9194d84ee3144a174a37) Importer(2089858483,0ecaa5967403d082aa24f35e1b516d23)
Start importing Assets/3rd Party/Megapoly.Art/Vintage Controls/Materials/Emission Red.mat using Guid(a5f548628bcc9194d84ee3144a174a37) Importer(2089858483,0ecaa5967403d082aa24f35e1b516d23) [PhysX] Initialized MultithreadedTaskDispatcher with 12 workers.
 -> (artifact id: 'c72028dc14379fac2c0de9a9a2d8c3ee') in 0.018165 seconds
Number of updated asset objects reloaded before import = 0
Number of asset objects unloaded after import = 1
========================================================================
Received Import Request.
  Time since last request: 0.000020 seconds.
  path: Assets/Scenes/SampleScene.unity
  artifactKey: Guid(9fc0d4010bbf28b4594072e72b8655ab) Importer(2089858483,0ecaa5967403d082aa24f35e1b516d23)
Start importing Assets/Scenes/SampleScene.unity using Guid(9fc0d4010bbf28b4594072e72b8655ab) Importer(2089858483,0ecaa5967403d082aa24f35e1b516d23) [PhysX] Initialized MultithreadedTaskDispatcher with 12 workers.
 -> (artifact id: 'b7cdc8e17ea00f9796bf69565d368760') in 0.013319 seconds
Number of updated asset objects reloaded before import = 0
Number of asset objects unloaded after import = 1
========================================================================
Received Import Request.
  Time since last request: 0.000024 seconds.
  path: Assets/SFX/space-ship-bridge-loop-104525.mp3
  artifactKey: Guid(4aba3c416dab3a24a82aefafba8bfad9) Importer(2089858483,0ecaa5967403d082aa24f35e1b516d23)
Start importing Assets/SFX/space-ship-bridge-loop-104525.mp3 using Guid(4aba3c416dab3a24a82aefafba8bfad9) Importer(2089858483,0ecaa5967403d082aa24f35e1b516d23) [PhysX] Initialized MultithreadedTaskDispatcher with 12 workers.
 -> (artifact id: '2c9e7bb40845d969467f32282c347ee6') in 0.075179 seconds
Number of updated asset objects reloaded before import = 0
Number of asset objects unloaded after import = 1
========================================================================
Received Import Request.
  Time since last request: 0.000049 seconds.
  path: Assets/TextMesh Pro/Documentation/TextMesh Pro User Guide 2016.pdf
  artifactKey: Guid(1b8d251f9af63b746bf2f7ffe00ebb9b) Importer(2089858483,0ecaa5967403d082aa24f35e1b516d23)
Start importing Assets/TextMesh Pro/Documentation/TextMesh Pro User Guide 2016.pdf using Guid(1b8d251f9af63b746bf2f7ffe00ebb9b) Importer(2089858483,0ecaa5967403d082aa24f35e1b516d23) [PhysX] Initialized MultithreadedTaskDispatcher with 12 workers.
 -> (artifact id: '6cea74e71ba8281ee44b7ae0e734e2bb') in 0.013597 seconds
Number of updated asset objects reloaded before import = 0
Number of asset objects unloaded after import = 1
========================================================================
Received Import Request.
  Time since last request: 0.000342 seconds.
  path: Assets/3rd Party/Robot Kyle/Materials/Robot_Color.mat
  artifactKey: Guid(0aa851515cd3747d6b3b3e461199a2ed) Importer(2089858483,0ecaa5967403d082aa24f35e1b516d23)
Start importing Assets/3rd Party/Robot Kyle/Materials/Robot_Color.mat using Guid(0aa851515cd3747d6b3b3e461199a2ed) Importer(2089858483,0ecaa5967403d082aa24f35e1b516d23) [PhysX] Initialized MultithreadedTaskDispatcher with 12 workers.
 -> (artifact id: '882881afb075801b1f53ce5f4a34f3ed') in 0.014703 seconds
Number of updated asset objects reloaded before import = 0
Number of asset objects unloaded after import = 3
========================================================================
Received Import Request.
  Time since last request: 0.000041 seconds.
  path: Assets/Prefabs/SFX.prefab
  artifactKey: Guid(169b4b17ee4920a479a3ee512d5381ac) Importer(2089858483,0ecaa5967403d082aa24f35e1b516d23)
Start importing Assets/Prefabs/SFX.prefab using Guid(169b4b17ee4920a479a3ee512d5381ac) Importer(2089858483,0ecaa5967403d082aa24f35e1b516d23) [PhysX] Initialized MultithreadedTaskDispatcher with 12 workers.
 -> (artifact id: '792bd78028580da567413132023b8375') in 0.018178 seconds
Number of updated asset objects reloaded before import = 0
Number of asset objects unloaded after import = 6
========================================================================
Received Import Request.
  Time since last request: 0.000014 seconds.
  path: Assets/TextMesh Pro/Shaders/TMP_Sprite.shader
  artifactKey: Guid(cf81c85f95fe47e1a27f6ae460cf182c) Importer(2089858483,0ecaa5967403d082aa24f35e1b516d23)
Start importing Assets/TextMesh Pro/Shaders/TMP_Sprite.shader using Guid(cf81c85f95fe47e1a27f6ae460cf182c) Importer(2089858483,0ecaa5967403d082aa24f35e1b516d23) [PhysX] Initialized MultithreadedTaskDispatcher with 12 workers.
 -> (artifact id: '0ab2f52d1bbf5929459c1d8e25efce8c') in 0.011349 seconds
Number of updated asset objects reloaded before import = 0
Number of asset objects unloaded after import = 1
========================================================================
Received Import Request.
  Time since last request: 0.000019 seconds.
  path: Assets/Sprites/VolumeOFF.png
  artifactKey: Guid(9f0f5676e4e269c459bd2db397853eca) Importer(2089858483,0ecaa5967403d082aa24f35e1b516d23)
Start importing Assets/Sprites/VolumeOFF.png using Guid(9f0f5676e4e269c459bd2db397853eca) Importer(2089858483,0ecaa5967403d082aa24f35e1b516d23) [PhysX] Initialized MultithreadedTaskDispatcher with 12 workers.
 -> (artifact id: '280e88c5889cf313a816f6bd639f3a78') in 0.017781 seconds
Number of updated asset objects reloaded before import = 0
Number of asset objects unloaded after import = 1
========================================================================
Received Import Request.
  Time since last request: 0.000017 seconds.
  path: Assets/TextMesh Pro/Sprites/EmojiOne Attribution.txt
  artifactKey: Guid(381dcb09d5029d14897e55f98031fca5) Importer(2089858483,0ecaa5967403d082aa24f35e1b516d23)
Start importing Assets/TextMesh Pro/Sprites/EmojiOne Attribution.txt using Guid(381dcb09d5029d14897e55f98031fca5) Importer(2089858483,0ecaa5967403d082aa24f35e1b516d23) [PhysX] Initialized MultithreadedTaskDispatcher with 12 workers.
 -> (artifact id: 'b2d387a8828bd93d7d2e4afbb0622ec1') in 0.009375 seconds
Number of updated asset objects reloaded before import = 0
Number of asset objects unloaded after import = 1
========================================================================
Received Import Request.
  Time since last request: 0.000015 seconds.
  path: Assets/Sprites/VolumeON.png
  artifactKey: Guid(e2be587fb2fb79442b3a5ea8231f18be) Importer(2089858483,0ecaa5967403d082aa24f35e1b516d23)
Start importing Assets/Sprites/VolumeON.png using Guid(e2be587fb2fb79442b3a5ea8231f18be) Importer(2089858483,0ecaa5967403d082aa24f35e1b516d23) [PhysX] Initialized MultithreadedTaskDispatcher with 12 workers.
 -> (artifact id: '95178852be9325faa2d7874c22c7c229') in 0.014189 seconds
Number of updated asset objects reloaded before import = 0
Number of asset objects unloaded after import = 1
========================================================================
Received Import Request.
  Time since last request: 0.000015 seconds.
  path: Assets/TextMesh Pro/Shaders/TMPro_Surface.cginc
  artifactKey: Guid(d930090c0cd643c7b55f19a38538c162) Importer(2089858483,0ecaa5967403d082aa24f35e1b516d23)
Start importing Assets/TextMesh Pro/Shaders/TMPro_Surface.cginc using Guid(d930090c0cd643c7b55f19a38538c162) Importer(2089858483,0ecaa5967403d082aa24f35e1b516d23) [PhysX] Initialized MultithreadedTaskDispatcher with 12 workers.
 -> (artifact id: '31fde8a8ea62f9f0622546d16553f8c6') in 0.009723 seconds
Number of updated asset objects reloaded before import = 0
Number of asset objects unloaded after import = 1
========================================================================
Received Import Request.
  Time since last request: 0.000028 seconds.
  path: Assets/TextMesh Pro/Fonts/LiberationSans.ttf
  artifactKey: Guid(e3265ab4bf004d28a9537516768c1c75) Importer(2089858483,0ecaa5967403d082aa24f35e1b516d23)
Start importing Assets/TextMesh Pro/Fonts/LiberationSans.ttf using Guid(e3265ab4bf004d28a9537516768c1c75) Importer(2089858483,0ecaa5967403d082aa24f35e1b516d23) [PhysX] Initialized MultithreadedTaskDispatcher with 12 workers.
 -> (artifact id: '319574fbe35fcdbe12d888840dfb6f65') in 0.015770 seconds
Number of updated asset objects reloaded before import = 0
Number of asset objects unloaded after import = 3
========================================================================
Received Import Request.
  Time since last request: 0.000018 seconds.
  path: Assets/TextMesh Pro/Shaders/TMP_Bitmap.shader
  artifactKey: Guid(128e987d567d4e2c824d754223b3f3b0) Importer(2089858483,0ecaa5967403d082aa24f35e1b516d23)
Start importing Assets/TextMesh Pro/Shaders/TMP_Bitmap.shader using Guid(128e987d567d4e2c824d754223b3f3b0) Importer(2089858483,0ecaa5967403d082aa24f35e1b516d23) [PhysX] Initialized MultithreadedTaskDispatcher with 12 workers.
 -> (artifact id: '74a1269f8488e349352f12e2b7b5e593') in 0.012573 seconds
Number of updated asset objects reloaded before import = 0
Number of asset objects unloaded after import = 1
========================================================================
Received Import Request.
  Time since last request: 0.000022 seconds.
  path: Assets/3rd Party/Megapoly.Art/Vintage Controls/Materials/Emission Green.mat
  artifactKey: Guid(fca5137d69433b34384d90276be08d8c) Importer(2089858483,0ecaa5967403d082aa24f35e1b516d23)
Start importing Assets/3rd Party/Megapoly.Art/Vintage Controls/Materials/Emission Green.mat using Guid(fca5137d69433b34384d90276be08d8c) Importer(2089858483,0ecaa5967403d082aa24f35e1b516d23) [PhysX] Initialized MultithreadedTaskDispatcher with 12 workers.
 -> (artifact id: '2c82b52c45e657eaf910d80cd1af0ebb') in 0.012069 seconds
Number of updated asset objects reloaded before import = 0
Number of asset objects unloaded after import = 1
========================================================================
Received Import Request.
  Time since last request: 0.000018 seconds.
  path: Assets/3rd Party/Idle MoCap/Animations/Idle_Stance_01_MB_v01.fbx
  artifactKey: Guid(c05bb945e3852394c8fca81de1878bac) Importer(2089858483,0ecaa5967403d082aa24f35e1b516d23)
Start importing Assets/3rd Party/Idle MoCap/Animations/Idle_Stance_01_MB_v01.fbx using Guid(c05bb945e3852394c8fca81de1878bac) Importer(2089858483,0ecaa5967403d082aa24f35e1b516d23) [PhysX] Initialized MultithreadedTaskDispatcher with 12 workers.
 -> (artifact id: '49c1a0e8a9c052c07b84d8d961460c4f') in 0.077610 seconds
Number of updated asset objects reloaded before import = 0
Number of asset objects unloaded after import = 154
========================================================================
Received Import Request.
  Time since last request: 0.000024 seconds.
  path: Assets/3rd Party/Megapoly.Art/Vintage Controls/Materials/Main Offset 1.mat
  artifactKey: Guid(5e3a75a487d005a4ab6cfcdb0468646a) Importer(2089858483,0ecaa5967403d082aa24f35e1b516d23)
Start importing Assets/3rd Party/Megapoly.Art/Vintage Controls/Materials/Main Offset 1.mat using Guid(5e3a75a487d005a4ab6cfcdb0468646a) Importer(2089858483,0ecaa5967403d082aa24f35e1b516d23) [PhysX] Initialized MultithreadedTaskDispatcher with 12 workers.
 -> (artifact id: 'b4d5b0dd480f2187b59a30c60e9bcb25') in 0.011822 seconds
Number of updated asset objects reloaded before import = 0
Number of asset objects unloaded after import = 1
========================================================================
Received Import Request.
  Time since last request: 0.000031 seconds.
  path: Assets/TextMesh Pro/Shaders/TMP_SDF-Mobile SSD.shader
  artifactKey: Guid(c8d12adcee749c344b8117cf7c7eb912) Importer(2089858483,0ecaa5967403d082aa24f35e1b516d23)
Start importing Assets/TextMesh Pro/Shaders/TMP_SDF-Mobile SSD.shader using Guid(c8d12adcee749c344b8117cf7c7eb912) Importer(2089858483,0ecaa5967403d082aa24f35e1b516d23) [PhysX] Initialized MultithreadedTaskDispatcher with 12 workers.
 -> (artifact id: '02eca20f14e2d71e9d4c7053a6931ce5') in 0.010491 seconds
Number of updated asset objects reloaded before import = 0
Number of asset objects unloaded after import = 1
========================================================================
Received Import Request.
  Time since last request: 0.000015 seconds.
  path: Assets/TextMesh Pro/Resources/TMP Settings.asset
  artifactKey: Guid(3f5b5dff67a942289a9defa416b206f3) Importer(2089858483,0ecaa5967403d082aa24f35e1b516d23)
Start importing Assets/TextMesh Pro/Resources/TMP Settings.asset using Guid(3f5b5dff67a942289a9defa416b206f3) Importer(2089858483,0ecaa5967403d082aa24f35e1b516d23) [PhysX] Initialized MultithreadedTaskDispatcher with 12 workers.
 -> (artifact id: 'c1e60de1d7ce9a266c92a9b396f11765') in 0.037274 seconds
Number of updated asset objects reloaded before import = 0
Number of asset objects unloaded after import = 15
========================================================================
Received Import Request.
  Time since last request: 0.000020 seconds.
  path: Assets/TextMesh Pro/Fonts/LiberationSans SDF.asset
  artifactKey: Guid(ea054b11d7c778a4fbdb2c829b8ea639) Importer(2089858483,0ecaa5967403d082aa24f35e1b516d23)
Start importing Assets/TextMesh Pro/Fonts/LiberationSans SDF.asset using Guid(ea054b11d7c778a4fbdb2c829b8ea639) Importer(2089858483,0ecaa5967403d082aa24f35e1b516d23) [PhysX] Initialized MultithreadedTaskDispatcher with 12 workers.
 -> (artifact id: '24cd55f4cf0012d7230f5f2d0a1545bb') in 0.026725 seconds
Number of updated asset objects reloaded before import = 0
Number of asset objects unloaded after import = 5
========================================================================
Received Import Request.
  Time since last request: 0.000014 seconds.
  path: Assets/3rd Party/SkySerie Freebie/FreebieHdri/CosmicCoolCloudLeft.hdr
  artifactKey: Guid(740f96d568f4f3e40b049c40f11603e5) Importer(2089858483,0ecaa5967403d082aa24f35e1b516d23)
Start importing Assets/3rd Party/SkySerie Freebie/FreebieHdri/CosmicCoolCloudLeft.hdr using Guid(740f96d568f4f3e40b049c40f11603e5) Importer(2089858483,0ecaa5967403d082aa24f35e1b516d23) [PhysX] Initialized MultithreadedTaskDispatcher with 12 workers.
 -> (artifact id: '9795df24909ecd720c138f853876ca38') in 0.021551 seconds
Number of updated asset objects reloaded before import = 0
Number of asset objects unloaded after import = 1
========================================================================
Received Import Request.
  Time since last request: 0.000021 seconds.
  path: Assets/Scenes/Exercise1_Server.unity
  artifactKey: Guid(265fdcf7031dcc44d82c57941e41270c) Importer(2089858483,0ecaa5967403d082aa24f35e1b516d23)
Start importing Assets/Scenes/Exercise1_Server.unity using Guid(265fdcf7031dcc44d82c57941e41270c) Importer(2089858483,0ecaa5967403d082aa24f35e1b516d23) [PhysX] Initialized MultithreadedTaskDispatcher with 12 workers.
 -> (artifact id: '8aaf0b65c30e67a1263a46a3f38d9e4b') in 0.010462 seconds
Number of updated asset objects reloaded before import = 0
Number of asset objects unloaded after import = 1
========================================================================
Received Import Request.
  Time since last request: 0.000023 seconds.
  path: Assets/Prefabs/StartMenu.prefab
  artifactKey: Guid(f799a78350f88af4c84214166fadc87b) Importer(2089858483,0ecaa5967403d082aa24f35e1b516d23)
Start importing Assets/Prefabs/StartMenu.prefab using Guid(f799a78350f88af4c84214166fadc87b) Importer(2089858483,0ecaa5967403d082aa24f35e1b516d23) [PhysX] Initialized MultithreadedTaskDispatcher with 12 workers.
 -> (artifact id: '7fe6140185920e5f5362a401d4bff8e8') in 0.040553 seconds
Number of updated asset objects reloaded before import = 0
Number of asset objects unloaded after import = 85
========================================================================
Received Import Request.
  Time since last request: 0.000025 seconds.
  path: Assets/Scripts/SceneManager/SceneChanger.cs
  artifactKey: Guid(ce880ccb237569843baa09d0c0d90406) Importer(2089858483,0ecaa5967403d082aa24f35e1b516d23)
Start importing Assets/Scripts/SceneManager/SceneChanger.cs using Guid(ce880ccb237569843baa09d0c0d90406) Importer(2089858483,0ecaa5967403d082aa24f35e1b516d23) [PhysX] Initialized MultithreadedTaskDispatcher with 12 workers.
 -> (artifact id: '69d33142ed61fd38d3e87d84a9bfe7fd') in 0.010399 seconds
Number of updated asset objects reloaded before import = 0
Number of asset objects unloaded after import = 1
========================================================================
Received Import Request.
  Time since last request: 0.000024 seconds.
  path: Assets/TextMesh Pro/Resources/Style Sheets/Default Style Sheet.asset
  artifactKey: Guid(f952c082cb03451daed3ee968ac6c63e) Importer(2089858483,0ecaa5967403d082aa24f35e1b516d23)
Start importing Assets/TextMesh Pro/Resources/Style Sheets/Default Style Sheet.asset using Guid(f952c082cb03451daed3ee968ac6c63e) Importer(2089858483,0ecaa5967403d082aa24f35e1b516d23) [PhysX] Initialized MultithreadedTaskDispatcher with 12 workers.
 -> (artifact id: '5743722ac06fa659f2bc63f6d238b314') in 0.009907 seconds
Number of updated asset objects reloaded before import = 0
Number of asset objects unloaded after import = 1
========================================================================
Received Import Request.
  Time since last request: 0.000014 seconds.
  path: Assets/Sprites/VolumeOFFBlack 1.png
  artifactKey: Guid(9c56aaf9f7e1eeb4eb56b09e3655d086) Importer(2089858483,0ecaa5967403d082aa24f35e1b516d23)
Start importing Assets/Sprites/VolumeOFFBlack 1.png using Guid(9c56aaf9f7e1eeb4eb56b09e3655d086) Importer(2089858483,0ecaa5967403d082aa24f35e1b516d23) [PhysX] Initialized MultithreadedTaskDispatcher with 12 workers.
 -> (artifact id: '7123cb6599a03aaa2621aac095567f29') in 0.018755 seconds
Number of updated asset objects reloaded before import = 0
Number of asset objects unloaded after import = 3
========================================================================
Received Import Request.
  Time since last request: 0.000017 seconds.
  path: Assets/Scenes/Start.unity
  artifactKey: Guid(21255b9cdf00d6f4e80ddbfb72e4c2d7) Importer(2089858483,0ecaa5967403d082aa24f35e1b516d23)
Start importing Assets/Scenes/Start.unity using Guid(21255b9cdf00d6f4e80ddbfb72e4c2d7) Importer(2089858483,0ecaa5967403d082aa24f35e1b516d23) [PhysX] Initialized MultithreadedTaskDispatcher with 12 workers.
 -> (artifact id: '20c0867cad65506959b6ae0ac5dca013') in 0.007883 seconds
Number of updated asset objects reloaded before import = 0
Number of asset objects unloaded after import = 1
========================================================================
Received Import Request.
  Time since last request: 0.000033 seconds.
  path: Assets/3rd Party/SkySerie Freebie/FreebieHdri/CosmicCoolCloudTop.hdr
  artifactKey: Guid(a199da0432efa6a489df8883d1f3bfe0) Importer(2089858483,0ecaa5967403d082aa24f35e1b516d23)
Start importing Assets/3rd Party/SkySerie Freebie/FreebieHdri/CosmicCoolCloudTop.hdr using Guid(a199da0432efa6a489df8883d1f3bfe0) Importer(2089858483,0ecaa5967403d082aa24f35e1b516d23) [PhysX] Initialized MultithreadedTaskDispatcher with 12 workers.
 -> (artifact id: 'ed947567c292521dc1079b4ef717a3af') in 0.018025 seconds
Number of updated asset objects reloaded before import = 0
Number of asset objects unloaded after import = 1
========================================================================
Received Import Request.
  Time since last request: 0.000310 seconds.
  path: Assets/TextMesh Pro/Shaders/TMP_Bitmap-Mobile.shader
  artifactKey: Guid(1e3b057af24249748ff873be7fafee47) Importer(2089858483,0ecaa5967403d082aa24f35e1b516d23)
Start importing Assets/TextMesh Pro/Shaders/TMP_Bitmap-Mobile.shader using Guid(1e3b057af24249748ff873be7fafee47) Importer(2089858483,0ecaa5967403d082aa24f35e1b516d23) [PhysX] Initialized MultithreadedTaskDispatcher with 12 workers.
 -> (artifact id: '63708dcafdff3c2bdebe2c23bd8d6f4d') in 0.011065 seconds
Number of updated asset objects reloaded before import = 0
Number of asset objects unloaded after import = 1
========================================================================
Received Import Request.
  Time since last request: 0.000023 seconds.
  path: Assets/3rd Party/Megapoly.Art/Vintage Controls/Meshes/HandleLong.FBX
  artifactKey: Guid(4e88337f4086fd74b926d606cd8e05f5) Importer(2089858483,0ecaa5967403d082aa24f35e1b516d23)
Start importing Assets/3rd Party/Megapoly.Art/Vintage Controls/Meshes/HandleLong.FBX using Guid(4e88337f4086fd74b926d606cd8e05f5) Importer(2089858483,0ecaa5967403d082aa24f35e1b516d23) [PhysX] Initialized MultithreadedTaskDispatcher with 12 workers.
 -> (artifact id: '58fb9e59685a8717287d1a1bdc015729') in 0.020551 seconds
Number of updated asset objects reloaded before import = 0
Number of asset objects unloaded after import = 9
========================================================================
Received Import Request.
  Time since last request: 0.000017 seconds.
  path: Assets/3rd Party/SkySerie Freebie/FreebieHdri/CosmicCoolCloudRight.hdr
  artifactKey: Guid(438e868ac8cccca4e81873838a67c003) Importer(2089858483,0ecaa5967403d082aa24f35e1b516d23)
Start importing Assets/3rd Party/SkySerie Freebie/FreebieHdri/CosmicCoolCloudRight.hdr using Guid(438e868ac8cccca4e81873838a67c003) Importer(2089858483,0ecaa5967403d082aa24f35e1b516d23) [PhysX] Initialized MultithreadedTaskDispatcher with 12 workers.
 -> (artifact id: '16fe91c6c8208ff6e8e5d1cb2ad0900a') in 0.019040 seconds
Number of updated asset objects reloaded before import = 0
Number of asset objects unloaded after import = 1
========================================================================
Received Import Request.
  Time since last request: 0.000018 seconds.
  path: Assets/TextMesh Pro/Shaders/TMP_SDF-Surface.shader
  artifactKey: Guid(f7ada0af4f174f0694ca6a487b8f543d) Importer(2089858483,0ecaa5967403d082aa24f35e1b516d23)
Start importing Assets/TextMesh Pro/Shaders/TMP_SDF-Surface.shader using Guid(f7ada0af4f174f0694ca6a487b8f543d) Importer(2089858483,0ecaa5967403d082aa24f35e1b516d23) [PhysX] Initialized MultithreadedTaskDispatcher with 12 workers.
 -> (artifact id: '337254a62e5499d2802dbe6f7b63ee7f') in 0.011674 seconds
Number of updated asset objects reloaded before import = 0
Number of asset objects unloaded after import = 1
========================================================================
Received Import Request.
  Time since last request: 0.000021 seconds.
  path: Assets/3rd Party/Megapoly.Art/Vintage Controls/Materials/Emission Yellow.mat
  artifactKey: Guid(81167caa12f1d2f44a3de73e79626b4c) Importer(2089858483,0ecaa5967403d082aa24f35e1b516d23)
Start importing Assets/3rd Party/Megapoly.Art/Vintage Controls/Materials/Emission Yellow.mat using Guid(81167caa12f1d2f44a3de73e79626b4c) Importer(2089858483,0ecaa5967403d082aa24f35e1b516d23) [PhysX] Initialized MultithreadedTaskDispatcher with 12 workers.
 -> (artifact id: '552076fe48788739dfb3e407bb4db168') in 0.011558 seconds
Number of updated asset objects reloaded before import = 0
Number of asset objects unloaded after import = 1
========================================================================
Received Import Request.
  Time since last request: 0.000020 seconds.
  path: Assets/TextMesh Pro/Fonts/LiberationSans - OFL.txt
  artifactKey: Guid(6e59c59b81ab47f9b6ec5781fa725d2c) Importer(2089858483,0ecaa5967403d082aa24f35e1b516d23)
Start importing Assets/TextMesh Pro/Fonts/LiberationSans - OFL.txt using Guid(6e59c59b81ab47f9b6ec5781fa725d2c) Importer(2089858483,0ecaa5967403d082aa24f35e1b516d23) [PhysX] Initialized MultithreadedTaskDispatcher with 12 workers.
 -> (artifact id: '5e0181ff34c646d75600dcddba60a7da') in 0.010779 seconds
Number of updated asset objects reloaded before import = 0
Number of asset objects unloaded after import = 1
========================================================================
Received Import Request.
  Time since last request: 0.000020 seconds.
  path: Assets/TextMesh Pro/Shaders/TMP_SDF.shader
  artifactKey: Guid(68e6db2ebdc24f95958faec2be5558d6) Importer(2089858483,0ecaa5967403d082aa24f35e1b516d23)
Start importing Assets/TextMesh Pro/Shaders/TMP_SDF.shader using Guid(68e6db2ebdc24f95958faec2be5558d6) Importer(2089858483,0ecaa5967403d082aa24f35e1b516d23) [PhysX] Initialized MultithreadedTaskDispatcher with 12 workers.
 -> (artifact id: '66617dd8dd7098a4118fe62dda132648') in 0.010791 seconds
Number of updated asset objects reloaded before import = 0
Number of asset objects unloaded after import = 1
========================================================================
Received Import Request.
  Time since last request: 0.000017 seconds.
  path: Assets/SFX/space-ambience-56265.mp3
  artifactKey: Guid(c40978ac6d41aa246b671eaaa32c8cbe) Importer(2089858483,0ecaa5967403d082aa24f35e1b516d23)
Start importing Assets/SFX/space-ambience-56265.mp3 using Guid(c40978ac6d41aa246b671eaaa32c8cbe) Importer(2089858483,0ecaa5967403d082aa24f35e1b516d23) [PhysX] Initialized MultithreadedTaskDispatcher with 12 workers.
 -> (artifact id: '59ec7b1387340263cc7a322814858ee6') in 0.047245 seconds
Number of updated asset objects reloaded before import = 0
Number of asset objects unloaded after import = 1
========================================================================
Received Import Request.
  Time since last request: 0.163198 seconds.
  path: Assets/3rd Party/Megapoly.Art/Vintage Controls/Meshes/Knob_Black.FBX
  artifactKey: Guid(fa342a2f2bdb03a46b93d1b222b16ae8) Importer(2089858483,0ecaa5967403d082aa24f35e1b516d23)
Start importing Assets/3rd Party/Megapoly.Art/Vintage Controls/Meshes/Knob_Black.FBX using Guid(fa342a2f2bdb03a46b93d1b222b16ae8) Importer(2089858483,0ecaa5967403d082aa24f35e1b516d23) [PhysX] Initialized MultithreadedTaskDispatcher with 12 workers.
 -> (artifact id: '3df077a0dbe3d7fe7189c71bdc4f2161') in 0.018973 seconds
Number of updated asset objects reloaded before import = 0
Number of asset objects unloaded after import = 9
========================================================================
Received Import Request.
  Time since last request: 0.000016 seconds.
  path: Assets/3rd Party/Megapoly.Art/Vintage Controls/Prefabs/Magentic_Tape.prefab
  artifactKey: Guid(a392cc9c7dc638e478ef94eda36bb858) Importer(2089858483,0ecaa5967403d082aa24f35e1b516d23)
Start importing Assets/3rd Party/Megapoly.Art/Vintage Controls/Prefabs/Magentic_Tape.prefab using Guid(a392cc9c7dc638e478ef94eda36bb858) Importer(2089858483,0ecaa5967403d082aa24f35e1b516d23) [PhysX] Initialized MultithreadedTaskDispatcher with 12 workers.
 -> (artifact id: '8747a87f5f8cbaf690758585de0b5086') in 0.019148 seconds
Number of updated asset objects reloaded before import = 0
Number of asset objects unloaded after import = 8
========================================================================
Received Import Request.
  Time since last request: 0.000020 seconds.
  path: Assets/3rd Party/Megapoly.Art/Vintage Controls/Prefabs/Unit 1.prefab
  artifactKey: Guid(a2f125e459b626a42856ac768c3f884b) Importer(2089858483,0ecaa5967403d082aa24f35e1b516d23)
Start importing Assets/3rd Party/Megapoly.Art/Vintage Controls/Prefabs/Unit 1.prefab using Guid(a2f125e459b626a42856ac768c3f884b) Importer(2089858483,0ecaa5967403d082aa24f35e1b516d23) [PhysX] Initialized MultithreadedTaskDispatcher with 12 workers.
 -> (artifact id: '46628c80c6402b37d6b7b2847bfdd53c') in 0.018413 seconds
Number of updated asset objects reloaded before import = 0
Number of asset objects unloaded after import = 125
========================================================================
Received Import Request.
  Time since last request: 0.000018 seconds.
  path: Assets/3rd Party/Megapoly.Art/Vintage Controls/Prefabs/PushButtonRedwFrame.prefab
  artifactKey: Guid(6317f4d187d66174988271f4f486aa60) Importer(2089858483,0ecaa5967403d082aa24f35e1b516d23)
Start importing Assets/3rd Party/Megapoly.Art/Vintage Controls/Prefabs/PushButtonRedwFrame.prefab using Guid(6317f4d187d66174988271f4f486aa60) Importer(2089858483,0ecaa5967403d082aa24f35e1b516d23) [PhysX] Initialized MultithreadedTaskDispatcher with 12 workers.
 -> (artifact id: 'c2b1495bc88ae6106f6144c56af9bf47') in 0.018180 seconds
Number of updated asset objects reloaded before import = 0
Number of asset objects unloaded after import = 15
========================================================================
Received Import Request.
  Time since last request: 0.000044 seconds.
  path: Assets/3rd Party/Megapoly.Art/Vintage Controls/Prefabs/Needle_Knob_Black_2.prefab
  artifactKey: Guid(5493e4c545c68014685a0d78d96cc4b1) Importer(2089858483,0ecaa5967403d082aa24f35e1b516d23)
Start importing Assets/3rd Party/Megapoly.Art/Vintage Controls/Prefabs/Needle_Knob_Black_2.prefab using Guid(5493e4c545c68014685a0d78d96cc4b1) Importer(2089858483,0ecaa5967403d082aa24f35e1b516d23) [PhysX] Initialized MultithreadedTaskDispatcher with 12 workers.
 -> (artifact id: '6a6f39b3a51c19faddff187c5a93521c') in 0.018407 seconds
Number of updated asset objects reloaded before import = 0
Number of asset objects unloaded after import = 8
========================================================================
Received Import Request.
  Time since last request: 0.000020 seconds.
  path: Assets/3rd Party/Megapoly.Art/Vintage Controls/Prefabs/Yellow_ButtonRectangularwFrame.prefab
  artifactKey: Guid(2595025f065a0aa4ca4cda110abdc1b3) Importer(2089858483,0ecaa5967403d082aa24f35e1b516d23)
Start importing Assets/3rd Party/Megapoly.Art/Vintage Controls/Prefabs/Yellow_ButtonRectangularwFrame.prefab using Guid(2595025f065a0aa4ca4cda110abdc1b3) Importer(2089858483,0ecaa5967403d082aa24f35e1b516d23) [PhysX] Initialized MultithreadedTaskDispatcher with 12 workers.
 -> (artifact id: '89754b7a595b9e2afaf5885b4164e7ec') in 0.019657 seconds
Number of updated asset objects reloaded before import = 0
Number of asset objects unloaded after import = 15
========================================================================
Received Import Request.
  Time since last request: 0.000021 seconds.
  path: Assets/3rd Party/Megapoly.Art/Vintage Controls/Prefabs/Monitor_Small.prefab
  artifactKey: Guid(fec688c30393d5d41826a74dd003e058) Importer(2089858483,0ecaa5967403d082aa24f35e1b516d23)
Start importing Assets/3rd Party/Megapoly.Art/Vintage Controls/Prefabs/Monitor_Small.prefab using Guid(fec688c30393d5d41826a74dd003e058) Importer(2089858483,0ecaa5967403d082aa24f35e1b516d23) [PhysX] Initialized MultithreadedTaskDispatcher with 12 workers.
 -> (artifact id: 'fd13a0cc3030937aec2e9ca82341efb8') in 0.018471 seconds
Number of updated asset objects reloaded before import = 0
Number of asset objects unloaded after import = 19
========================================================================
Received Import Request.
  Time since last request: 0.000016 seconds.
  path: Assets/3rd Party/Megapoly.Art/Vintage Controls/Meshes/SmallMonitorFrame.FBX
  artifactKey: Guid(321d64d5bc5abc34a959a29889cd1a46) Importer(2089858483,0ecaa5967403d082aa24f35e1b516d23)
Start importing Assets/3rd Party/Megapoly.Art/Vintage Controls/Meshes/SmallMonitorFrame.FBX using Guid(321d64d5bc5abc34a959a29889cd1a46) Importer(2089858483,0ecaa5967403d082aa24f35e1b516d23) [PhysX] Initialized MultithreadedTaskDispatcher with 12 workers.
 -> (artifact id: '665ae09a846470b346c0557b6021ff3c') in 0.025485 seconds
Number of updated asset objects reloaded before import = 0
Number of asset objects unloaded after import = 9
========================================================================
Received Import Request.
  Time since last request: 0.000021 seconds.
  path: Assets/3rd Party/Megapoly.Art/Vintage Controls/Prefabs/Gauge_Square.prefab
  artifactKey: Guid(05e9e47448795424c82917b515c7b876) Importer(2089858483,0ecaa5967403d082aa24f35e1b516d23)
Start importing Assets/3rd Party/Megapoly.Art/Vintage Controls/Prefabs/Gauge_Square.prefab using Guid(05e9e47448795424c82917b515c7b876) Importer(2089858483,0ecaa5967403d082aa24f35e1b516d23) [PhysX] Initialized MultithreadedTaskDispatcher with 12 workers.
 -> (artifact id: '7764e47ff5c81fec29389d78ecfea96a') in 0.017269 seconds
Number of updated asset objects reloaded before import = 0
Number of asset objects unloaded after import = 18
========================================================================
Received Import Request.
  Time since last request: 0.000017 seconds.
  path: Assets/3rd Party/Megapoly.Art/Vintage Controls/Prefabs/KeyPad 9.prefab
  artifactKey: Guid(3be4a07f25ab64641aa8a3cf1e04c52d) Importer(2089858483,0ecaa5967403d082aa24f35e1b516d23)
Start importing Assets/3rd Party/Megapoly.Art/Vintage Controls/Prefabs/KeyPad 9.prefab using Guid(3be4a07f25ab64641aa8a3cf1e04c52d) Importer(2089858483,0ecaa5967403d082aa24f35e1b516d23) [PhysX] Initialized MultithreadedTaskDispatcher with 12 workers.
 -> (artifact id: '51129ff1ee29b2dd36b33f585aee016d') in 0.015725 seconds
Number of updated asset objects reloaded before import = 0
Number of asset objects unloaded after import = 107
========================================================================
Received Import Request.
  Time since last request: 0.000019 seconds.
  path: Assets/3rd Party/Megapoly.Art/Vintage Controls/Meshes/Monitor_Round.FBX
  artifactKey: Guid(de2d41fa7bec0a54c91b39e50193ea49) Importer(2089858483,0ecaa5967403d082aa24f35e1b516d23)
Start importing Assets/3rd Party/Megapoly.Art/Vintage Controls/Meshes/Monitor_Round.FBX using Guid(de2d41fa7bec0a54c91b39e50193ea49) Importer(2089858483,0ecaa5967403d082aa24f35e1b516d23) [PhysX] Initialized MultithreadedTaskDispatcher with 12 workers.
 -> (artifact id: '4cfbda799faac084177182aa171d16c0') in 0.032033 seconds
Number of updated asset objects reloaded before import = 0
Number of asset objects unloaded after import = 24
========================================================================
Received Import Request.
  Time since last request: 0.000020 seconds.
  path: Assets/3rd Party/Megapoly.Art/Vintage Controls/Meshes/Monitor_CRT.FBX
  artifactKey: Guid(c8d7d7d964665c34fa67819e2e0e01ff) Importer(2089858483,0ecaa5967403d082aa24f35e1b516d23)
Start importing Assets/3rd Party/Megapoly.Art/Vintage Controls/Meshes/Monitor_CRT.FBX using Guid(c8d7d7d964665c34fa67819e2e0e01ff) Importer(2089858483,0ecaa5967403d082aa24f35e1b516d23) [PhysX] Initialized MultithreadedTaskDispatcher with 12 workers.
 -> (artifact id: 'a48edc35fe46544b4c4df118aaba50c7') in 0.025725 seconds
Number of updated asset objects reloaded before import = 0
Number of asset objects unloaded after import = 19
========================================================================
Received Import Request.
  Time since last request: 0.000014 seconds.
  path: Assets/3rd Party/Megapoly.Art/Vintage Controls/Prefabs/Red_ButtonRectangularwFrame.prefab
  artifactKey: Guid(06818b3bced71024aaebfdd5dacc6705) Importer(2089858483,0ecaa5967403d082aa24f35e1b516d23)
Start importing Assets/3rd Party/Megapoly.Art/Vintage Controls/Prefabs/Red_ButtonRectangularwFrame.prefab using Guid(06818b3bced71024aaebfdd5dacc6705) Importer(2089858483,0ecaa5967403d082aa24f35e1b516d23) [PhysX] Initialized MultithreadedTaskDispatcher with 12 workers.
 -> (artifact id: '3cd302cb7c42ca3784bce35d64a0900e') in 0.018059 seconds
Number of updated asset objects reloaded before import = 0
Number of asset objects unloaded after import = 15
========================================================================
Received Import Request.
  Time since last request: 0.000014 seconds.
  path: Assets/3rd Party/Megapoly.Art/Vintage Controls/Meshes/Switch.FBX
  artifactKey: Guid(f9e23f24ee2193c44827ba34a21de852) Importer(2089858483,0ecaa5967403d082aa24f35e1b516d23)
Start importing Assets/3rd Party/Megapoly.Art/Vintage Controls/Meshes/Switch.FBX using Guid(f9e23f24ee2193c44827ba34a21de852) Importer(2089858483,0ecaa5967403d082aa24f35e1b516d23) [PhysX] Initialized MultithreadedTaskDispatcher with 12 workers.
 -> (artifact id: 'cdff030f993d1df5fcfbacec3f9b7c4a') in 0.027765 seconds
Number of updated asset objects reloaded before import = 0
Number of asset objects unloaded after import = 14
========================================================================
Received Import Request.
  Time since last request: 0.000021 seconds.
  path: Assets/3rd Party/Megapoly.Art/Vintage Controls/Meshes/ShortPlate.FBX
  artifactKey: Guid(f90f26e433db2204db7a96e675744b60) Importer(2089858483,0ecaa5967403d082aa24f35e1b516d23)
Start importing Assets/3rd Party/Megapoly.Art/Vintage Controls/Meshes/ShortPlate.FBX using Guid(f90f26e433db2204db7a96e675744b60) Importer(2089858483,0ecaa5967403d082aa24f35e1b516d23) [PhysX] Initialized MultithreadedTaskDispatcher with 12 workers.
 -> (artifact id: 'ae1b7c8d0749931a2ba7b4e2d0fddd28') in 0.024230 seconds
Number of updated asset objects reloaded before import = 0
Number of asset objects unloaded after import = 9
========================================================================
Received Import Request.
  Time since last request: 0.000041 seconds.
  path: Assets/3rd Party/Megapoly.Art/Vintage Controls/Prefabs/Monitor_Big.prefab
  artifactKey: Guid(4bbccccf111530448a243975fde15b6f) Importer(2089858483,0ecaa5967403d082aa24f35e1b516d23)
Start importing Assets/3rd Party/Megapoly.Art/Vintage Controls/Prefabs/Monitor_Big.prefab using Guid(4bbccccf111530448a243975fde15b6f) Importer(2089858483,0ecaa5967403d082aa24f35e1b516d23) [PhysX] Initialized MultithreadedTaskDispatcher with 12 workers.
 -> (artifact id: '3a1509827079fb2be63cc347c896562a') in 0.015817 seconds
Number of updated asset objects reloaded before import = 0
Number of asset objects unloaded after import = 19
========================================================================
Received Import Request.
  Time since last request: 0.000022 seconds.
  path: Assets/3rd Party/Megapoly.Art/Vintage Controls/Prefabs/Roller_2.prefab
  artifactKey: Guid(3ba0135bc80bd3f4f87ea85e8bab59f8) Importer(2089858483,0ecaa5967403d082aa24f35e1b516d23)
Start importing Assets/3rd Party/Megapoly.Art/Vintage Controls/Prefabs/Roller_2.prefab using Guid(3ba0135bc80bd3f4f87ea85e8bab59f8) Importer(2089858483,0ecaa5967403d082aa24f35e1b516d23) [PhysX] Initialized MultithreadedTaskDispatcher with 12 workers.
 -> (artifact id: '2412e227d93aa6c487e273f4f7b548e3') in 0.016157 seconds
Number of updated asset objects reloaded before import = 0
Number of asset objects unloaded after import = 8
========================================================================
Received Import Request.
  Time since last request: 0.000020 seconds.
  path: Assets/3rd Party/Megapoly.Art/Vintage Controls/Prefabs/Knob_Big_Black.prefab
  artifactKey: Guid(5355043e2b7feb74b8fcf581828b1e1e) Importer(2089858483,0ecaa5967403d082aa24f35e1b516d23)
Start importing Assets/3rd Party/Megapoly.Art/Vintage Controls/Prefabs/Knob_Big_Black.prefab using Guid(5355043e2b7feb74b8fcf581828b1e1e) Importer(2089858483,0ecaa5967403d082aa24f35e1b516d23) [PhysX] Initialized MultithreadedTaskDispatcher with 12 workers.
 -> (artifact id: '2c23d6ba491854897d2afcf4ebb878a6') in 0.015149 seconds
Number of updated asset objects reloaded before import = 0
Number of asset objects unloaded after import = 8
========================================================================
Received Import Request.
  Time since last request: 0.000015 seconds.
  path: Assets/3rd Party/Megapoly.Art/Vintage Controls/Prefabs/HandleLong.prefab
  artifactKey: Guid(c1778cf121f838a48af708c867e3ffd4) Importer(2089858483,0ecaa5967403d082aa24f35e1b516d23)
Start importing Assets/3rd Party/Megapoly.Art/Vintage Controls/Prefabs/HandleLong.prefab using Guid(c1778cf121f838a48af708c867e3ffd4) Importer(2089858483,0ecaa5967403d082aa24f35e1b516d23) [PhysX] Initialized MultithreadedTaskDispatcher with 12 workers.
 -> (artifact id: '0fe66230c3128446aebdcf949ce52617') in 0.015786 seconds
Number of updated asset objects reloaded before import = 0
Number of asset objects unloaded after import = 8
========================================================================
Received Import Request.
  Time since last request: 0.000015 seconds.
  path: Assets/3rd Party/Megapoly.Art/Vintage Controls/Prefabs/LampYellow.prefab
  artifactKey: Guid(e13295f706c586244983138e65acdb39) Importer(2089858483,0ecaa5967403d082aa24f35e1b516d23)
Start importing Assets/3rd Party/Megapoly.Art/Vintage Controls/Prefabs/LampYellow.prefab using Guid(e13295f706c586244983138e65acdb39) Importer(2089858483,0ecaa5967403d082aa24f35e1b516d23) [PhysX] Initialized MultithreadedTaskDispatcher with 12 workers.
 -> (artifact id: 'b7ca258e305f74dc5f6a9001f92d0046') in 0.016556 seconds
Number of updated asset objects reloaded before import = 0
Number of asset objects unloaded after import = 14
========================================================================
Received Import Request.
  Time since last request: 0.000037 seconds.
  path: Assets/3rd Party/Megapoly.Art/Vintage Controls/Prefabs/ShortPlate.prefab
  artifactKey: Guid(97622b50cf08a0e4fbd09369e55c65b4) Importer(2089858483,0ecaa5967403d082aa24f35e1b516d23)
Start importing Assets/3rd Party/Megapoly.Art/Vintage Controls/Prefabs/ShortPlate.prefab using Guid(97622b50cf08a0e4fbd09369e55c65b4) Importer(2089858483,0ecaa5967403d082aa24f35e1b516d23) [PhysX] Initialized MultithreadedTaskDispatcher with 12 workers.
 -> (artifact id: 'c5a9f573aa9c25bd062303b77470a3a3') in 0.015812 seconds
Number of updated asset objects reloaded before import = 0
Number of asset objects unloaded after import = 8
========================================================================
Received Import Request.
  Time since last request: 0.000022 seconds.
  path: Assets/3rd Party/Megapoly.Art/Vintage Controls/Prefabs/JackInput.prefab
  artifactKey: Guid(6257ddab6720e2646853d03a7478a253) Importer(2089858483,0ecaa5967403d082aa24f35e1b516d23)
Start importing Assets/3rd Party/Megapoly.Art/Vintage Controls/Prefabs/JackInput.prefab using Guid(6257ddab6720e2646853d03a7478a253) Importer(2089858483,0ecaa5967403d082aa24f35e1b516d23) [PhysX] Initialized MultithreadedTaskDispatcher with 12 workers.
 -> (artifact id: '5cdc68c380ab05989bac88f9a833d1e9') in 0.015276 seconds
Number of updated asset objects reloaded before import = 0
Number of asset objects unloaded after import = 8
========================================================================
Received Import Request.
  Time since last request: 0.000018 seconds.
  path: Assets/3rd Party/Megapoly.Art/Vintage Controls/Scripts/Monitor.cs
  artifactKey: Guid(681f62a0235015342b909cdc207eb945) Importer(2089858483,0ecaa5967403d082aa24f35e1b516d23)
Start importing Assets/3rd Party/Megapoly.Art/Vintage Controls/Scripts/Monitor.cs using Guid(681f62a0235015342b909cdc207eb945) Importer(2089858483,0ecaa5967403d082aa24f35e1b516d23) [PhysX] Initialized MultithreadedTaskDispatcher with 12 workers.
 -> (artifact id: '2582034f7e15b4ec9c0111ae9e38b32a') in 0.012218 seconds
Number of updated asset objects reloaded before import = 0
Number of asset objects unloaded after import = 1
========================================================================
Received Import Request.
  Time since last request: 0.000014 seconds.
  path: Assets/3rd Party/Megapoly.Art/Vintage Controls/Prefabs/Green_ButtonRectangularwFrame.prefab
  artifactKey: Guid(9e1c7dc117a292b4c801677777be91d9) Importer(2089858483,0ecaa5967403d082aa24f35e1b516d23)
Start importing Assets/3rd Party/Megapoly.Art/Vintage Controls/Prefabs/Green_ButtonRectangularwFrame.prefab using Guid(9e1c7dc117a292b4c801677777be91d9) Importer(2089858483,0ecaa5967403d082aa24f35e1b516d23) [PhysX] Initialized MultithreadedTaskDispatcher with 12 workers.
 -> (artifact id: '6de5b616a2eb82b0ce01660dbf9b15ec') in 0.021501 seconds
Number of updated asset objects reloaded before import = 0
Number of asset objects unloaded after import = 15
========================================================================
Received Import Request.
  Time since last request: 0.000023 seconds.
  path: Assets/3rd Party/Megapoly.Art/Vintage Controls/Prefabs/Unit 2.prefab
  artifactKey: Guid(8ba7be579e8a12343809a90e07c86595) Importer(2089858483,0ecaa5967403d082aa24f35e1b516d23)
Start importing Assets/3rd Party/Megapoly.Art/Vintage Controls/Prefabs/Unit 2.prefab using Guid(8ba7be579e8a12343809a90e07c86595) Importer(2089858483,0ecaa5967403d082aa24f35e1b516d23) [PhysX] Initialized MultithreadedTaskDispatcher with 12 workers.
 -> (artifact id: '14cd4a1608d383afbab2640a7117420f') in 0.018273 seconds
Number of updated asset objects reloaded before import = 0
Number of asset objects unloaded after import = 168
========================================================================
Received Import Request.
  Time since last request: 0.000021 seconds.
  path: Assets/3rd Party/MoveMotionPack/SampleScene/Scripts/PlayManager.cs
  artifactKey: Guid(a7233ca8b66e38e45b656c8b74947cbf) Importer(2089858483,0ecaa5967403d082aa24f35e1b516d23)
Start importing Assets/3rd Party/MoveMotionPack/SampleScene/Scripts/PlayManager.cs using Guid(a7233ca8b66e38e45b656c8b74947cbf) Importer(2089858483,0ecaa5967403d082aa24f35e1b516d23) [PhysX] Initialized MultithreadedTaskDispatcher with 12 workers.
 -> (artifact id: '130890aafbd8d84a3dd31b5d6180537c') in 0.010235 seconds
Number of updated asset objects reloaded before import = 0
Number of asset objects unloaded after import = 1
========================================================================
Received Import Request.
  Time since last request: 0.000022 seconds.
  path: Assets/3rd Party/Megapoly.Art/Vintage Controls/Prefabs/SmallMonitorFrame.prefab
  artifactKey: Guid(8e185173dceb02e4db7be07e971bba75) Importer(2089858483,0ecaa5967403d082aa24f35e1b516d23)
Start importing Assets/3rd Party/Megapoly.Art/Vintage Controls/Prefabs/SmallMonitorFrame.prefab using Guid(8e185173dceb02e4db7be07e971bba75) Importer(2089858483,0ecaa5967403d082aa24f35e1b516d23) [PhysX] Initialized MultithreadedTaskDispatcher with 12 workers.
 -> (artifact id: '650904fa381730a20392166aaa9ae213') in 0.015169 seconds
Number of updated asset objects reloaded before import = 0
Number of asset objects unloaded after import = 8
========================================================================
Received Import Request.
  Time since last request: 0.000019 seconds.
  path: Assets/3rd Party/Megapoly.Art/Vintage Controls/Textures/Tex_256Gradient.png
  artifactKey: Guid(ac7f9d69d1f4ac647b0b88d4217dd698) Importer(2089858483,0ecaa5967403d082aa24f35e1b516d23)
Start importing Assets/3rd Party/Megapoly.Art/Vintage Controls/Textures/Tex_256Gradient.png using Guid(ac7f9d69d1f4ac647b0b88d4217dd698) Importer(2089858483,0ecaa5967403d082aa24f35e1b516d23) [PhysX] Initialized MultithreadedTaskDispatcher with 12 workers.
 -> (artifact id: 'f0d77b21ce4d18049ed6cb61c295b8d1') in 0.018084 seconds
Number of updated asset objects reloaded before import = 0
Number of asset objects unloaded after import = 1
========================================================================
Received Import Request.
  Time since last request: 0.000017 seconds.
  path: Assets/3rd Party/Megapoly.Art/Vintage Controls/Prefabs/Switch.prefab
  artifactKey: Guid(6640cdc63f3895048b31bbaeee62795b) Importer(2089858483,0ecaa5967403d082aa24f35e1b516d23)
Start importing Assets/3rd Party/Megapoly.Art/Vintage Controls/Prefabs/Switch.prefab using Guid(6640cdc63f3895048b31bbaeee62795b) Importer(2089858483,0ecaa5967403d082aa24f35e1b516d23) [PhysX] Initialized MultithreadedTaskDispatcher with 12 workers.
 -> (artifact id: '3b14e0beadca25bd2857df19c63f356b') in 0.015912 seconds
Number of updated asset objects reloaded before import = 0
Number of asset objects unloaded after import = 13
========================================================================
Received Import Request.
  Time since last request: 0.000025 seconds.
  path: Assets/3rd Party/Megapoly.Art/Vintage Controls/Prefabs/Knob.prefab
  artifactKey: Guid(7d69f11d164706041bc7b8b6dd5fe68c) Importer(2089858483,0ecaa5967403d082aa24f35e1b516d23)
Start importing Assets/3rd Party/Megapoly.Art/Vintage Controls/Prefabs/Knob.prefab using Guid(7d69f11d164706041bc7b8b6dd5fe68c) Importer(2089858483,0ecaa5967403d082aa24f35e1b516d23) [PhysX] Initialized MultithreadedTaskDispatcher with 12 workers.
 -> (artifact id: '238479a99967cbeb445f64bde0703909') in 0.014859 seconds
Number of updated asset objects reloaded before import = 0
Number of asset objects unloaded after import = 8
========================================================================
Received Import Request.
  Time since last request: 0.000017 seconds.
  path: Assets/3rd Party/Megapoly.Art/Vintage Controls/Prefabs/PushButtonBluewFrame.prefab
  artifactKey: Guid(41efb2f5a14b418479b3ad9bbd3ace29) Importer(2089858483,0ecaa5967403d082aa24f35e1b516d23)
Start importing Assets/3rd Party/Megapoly.Art/Vintage Controls/Prefabs/PushButtonBluewFrame.prefab using Guid(41efb2f5a14b418479b3ad9bbd3ace29) Importer(2089858483,0ecaa5967403d082aa24f35e1b516d23) [PhysX] Initialized MultithreadedTaskDispatcher with 12 workers.
 -> (artifact id: '67f89a9d8105c0313357fcb5d0eb6fe7') in 0.017590 seconds
Number of updated asset objects reloaded before import = 0
Number of asset objects unloaded after import = 15
========================================================================
Received Import Request.
  Time since last request: 0.000018 seconds.
  path: Assets/3rd Party/Megapoly.Art/Vintage Controls/Meshes/Simple_Knob_RedBlack.FBX
  artifactKey: Guid(1693960817d7e3046a737d99a734910f) Importer(2089858483,0ecaa5967403d082aa24f35e1b516d23)
Start importing Assets/3rd Party/Megapoly.Art/Vintage Controls/Meshes/Simple_Knob_RedBlack.FBX using Guid(1693960817d7e3046a737d99a734910f) Importer(2089858483,0ecaa5967403d082aa24f35e1b516d23) [PhysX] Initialized MultithreadedTaskDispatcher with 12 workers.
 -> (artifact id: 'f6a72756f339acd08cb509265d22160b') in 0.021273 seconds
Number of updated asset objects reloaded before import = 0
Number of asset objects unloaded after import = 9
========================================================================
Received Import Request.
  Time since last request: 0.000019 seconds.
  path: Assets/3rd Party/Megapoly.Art/Vintage Controls/Meshes/Monitor_Big.FBX
  artifactKey: Guid(cf1487d7a2eef384d948b589c1e4a3c6) Importer(2089858483,0ecaa5967403d082aa24f35e1b516d23)
Start importing Assets/3rd Party/Megapoly.Art/Vintage Controls/Meshes/Monitor_Big.FBX using Guid(cf1487d7a2eef384d948b589c1e4a3c6) Importer(2089858483,0ecaa5967403d082aa24f35e1b516d23) [PhysX] Initialized MultithreadedTaskDispatcher with 12 workers.
 -> (artifact id: '49b2d300d2014b5a7a350fb423698290') in 0.023789 seconds
Number of updated asset objects reloaded before import = 0
Number of asset objects unloaded after import = 19
========================================================================
Received Import Request.
  Time since last request: 0.000017 seconds.
  path: Assets/3rd Party/Megapoly.Art/Vintage Controls/Prefabs/Unit3.prefab
  artifactKey: Guid(f4a55a18a50d3f9409759dac5283d0d7) Importer(2089858483,0ecaa5967403d082aa24f35e1b516d23)
Start importing Assets/3rd Party/Megapoly.Art/Vintage Controls/Prefabs/Unit3.prefab using Guid(f4a55a18a50d3f9409759dac5283d0d7) Importer(2089858483,0ecaa5967403d082aa24f35e1b516d23) [PhysX] Initialized MultithreadedTaskDispatcher with 12 workers.
 -> (artifact id: 'a5989bf77b67831384d5e93b993fa27b') in 0.019020 seconds
Number of updated asset objects reloaded before import = 0
Number of asset objects unloaded after import = 152
========================================================================
Received Import Request.
  Time since last request: 0.000020 seconds.
  path: Assets/3rd Party/Megapoly.Art/Vintage Controls/Meshes/LampFrame.FBX
  artifactKey: Guid(4407fa26fad30e142a08c624907a0a6a) Importer(2089858483,0ecaa5967403d082aa24f35e1b516d23)
Start importing Assets/3rd Party/Megapoly.Art/Vintage Controls/Meshes/LampFrame.FBX using Guid(4407fa26fad30e142a08c624907a0a6a) Importer(2089858483,0ecaa5967403d082aa24f35e1b516d23) [PhysX] Initialized MultithreadedTaskDispatcher with 12 workers.
 -> (artifact id: 'f14437e5e644c1fa410a1f3ad1fa07a8') in 0.023846 seconds
Number of updated asset objects reloaded before import = 0
Number of asset objects unloaded after import = 9
========================================================================
Received Import Request.
  Time since last request: 0.000014 seconds.
  path: Assets/3rd Party/Megapoly.Art/Vintage Controls/Meshes/Magentic_Tape.FBX
  artifactKey: Guid(b217747873737c94e98a8bb3d10dc088) Importer(2089858483,0ecaa5967403d082aa24f35e1b516d23)
Start importing Assets/3rd Party/Megapoly.Art/Vintage Controls/Meshes/Magentic_Tape.FBX using Guid(b217747873737c94e98a8bb3d10dc088) Importer(2089858483,0ecaa5967403d082aa24f35e1b516d23) [PhysX] Initialized MultithreadedTaskDispatcher with 12 workers.
 -> (artifact id: '70839babe71d1eeb69187bf825c90931') in 0.019277 seconds
Number of updated asset objects reloaded before import = 0
Number of asset objects unloaded after import = 9
========================================================================
Received Import Request.
  Time since last request: 0.000043 seconds.
  path: Assets/3rd Party/Megapoly.Art/Vintage Controls/Prefabs/LampGreen.prefab
  artifactKey: Guid(b1d2fd7f3c98f164d89678c55a731f2f) Importer(2089858483,0ecaa5967403d082aa24f35e1b516d23)
Start importing Assets/3rd Party/Megapoly.Art/Vintage Controls/Prefabs/LampGreen.prefab using Guid(b1d2fd7f3c98f164d89678c55a731f2f) Importer(2089858483,0ecaa5967403d082aa24f35e1b516d23) [PhysX] Initialized MultithreadedTaskDispatcher with 12 workers.
 -> (artifact id: 'fc7061652558ef709ffd5dbb70c1a111') in 0.017668 seconds
Number of updated asset objects reloaded before import = 0
Number of asset objects unloaded after import = 14
========================================================================
Received Import Request.
  Time since last request: 0.000017 seconds.
  path: Assets/3rd Party/Megapoly.Art/Vintage Controls/Meshes/Roller_3.FBX
  artifactKey: Guid(b145d594bab11054c82636ff9dc770a1) Importer(2089858483,0ecaa5967403d082aa24f35e1b516d23)
Start importing Assets/3rd Party/Megapoly.Art/Vintage Controls/Meshes/Roller_3.FBX using Guid(b145d594bab11054c82636ff9dc770a1) Importer(2089858483,0ecaa5967403d082aa24f35e1b516d23) [PhysX] Initialized MultithreadedTaskDispatcher with 12 workers.
 -> (artifact id: '14f96398883b227aa22f79a77acfc218') in 0.025322 seconds
Number of updated asset objects reloaded before import = 0
Number of asset objects unloaded after import = 9
========================================================================
Received Import Request.
  Time since last request: 7.704188 seconds.
  path: Assets/SFX/intro.wav
  artifactKey: Guid(85d2fe61036f4774bb2853857d5915d8) Importer(2089858483,0ecaa5967403d082aa24f35e1b516d23)
Start importing Assets/SFX/intro.wav using Guid(85d2fe61036f4774bb2853857d5915d8) Importer(2089858483,0ecaa5967403d082aa24f35e1b516d23) [PhysX] Initialized MultithreadedTaskDispatcher with 12 workers.
 -> (artifact id: 'b21708aeee3671a6907eb4aa012474ef') in 0.045188 seconds
Number of updated asset objects reloaded before import = 0
Number of asset objects unloaded after import = 1
========================================================================
Received Prepare
Begin MonoManager ReloadAssembly
- Loaded All Assemblies, in  0.680 seconds
Refreshing native plugins compatible for Editor in 3.28 ms, found 3 plugins.
Native extension for WindowsStandalone target not found
[Package Manager] Server::EnsureServerProcessIsRunning -- launch failed, reason: Unity was launched with the -noUpm command-line argument
[Package Manager] UpmClient::Send -- Unable to send message (not connected to UPM process).
[Package Manager] Cannot connect to Unity Package Manager local server
Mono: successfully reloaded assembly
- Finished resetting the current domain, in  1.121 seconds
Domain Reload Profiling: 1786ms
	BeginReloadAssembly (269ms)
		ExecutionOrderSort (0ms)
		DisableScriptedObjects (5ms)
		BackupInstance (0ms)
		ReleaseScriptingObjects (0ms)
		CreateAndSetChildDomain (42ms)
	RebuildCommonClasses (38ms)
	RebuildNativeTypeToScriptingClass (13ms)
	initialDomainReloadingComplete (60ms)
	LoadAllAssembliesAndSetupDomain (285ms)
		LoadAssemblies (451ms)
		RebuildTransferFunctionScriptingTraits (0ms)
		AnalyzeDomain (13ms)
			TypeCache.Refresh (6ms)
				TypeCache.ScanAssembly (0ms)
			ScanForSourceGeneratedMonoScriptInfo (0ms)
			ResolveRequiredComponents (6ms)
	FinalizeReload (1121ms)
		ReleaseScriptCaches (0ms)
		RebuildScriptCaches (0ms)
		SetupLoadedEditorAssemblies (527ms)
			LogAssemblyErrors (0ms)
			InitializePlatformSupportModulesInManaged (14ms)
			SetLoadedEditorAssemblies (3ms)
			RefreshPlugins (0ms)
			BeforeProcessingInitializeOnLoad (87ms)
			ProcessInitializeOnLoadAttributes (368ms)
			ProcessInitializeOnLoadMethodAttributes (21ms)
			AfterProcessingInitializeOnLoad (33ms)
			EditorAssembliesLoaded (0ms)
		ExecutionOrderSort2 (0ms)
		AwakeInstancesAfterBackupRestoration (11ms)
Refreshing native plugins compatible for Editor in 3.53 ms, found 3 plugins.
Preloading 0 native plugins for Editor in 0.00 ms.
Unloading 3100 Unused Serialized files (Serialized files now loaded: 0)
Unloading 27 unused Assets / (33.9 KB). Loaded Objects now: 3638.
Memory consumption went from 126.8 MB to 126.8 MB.
Total: 3.611700 ms (FindLiveObjects: 0.338000 ms CreateObjectMapping: 0.093300 ms MarkObjects: 3.098200 ms  DeleteObjects: 0.081300 ms)

Prepare: number of updated asset objects reloaded= 0
AssetImportParameters requested are different than current active one (requested -> active):
  custom:container-demuxer-ogg: 62fdf1f143b41e24485cea50d1cbac27 -> 
  custom:video-decoder-ogg-theora: a1e56fd34408186e4bbccfd4996cb3dc -> 
  custom:framework-win-MediaFoundation: 216162199b28c13a410421893ffa2e32 -> 
  custom:CustomObjectIndexerAttribute: 9a22284fe3817be447336de3de66b15e -> 
  custom:container-demuxer-webm: 4f35f7cbe854078d1ac9338744f61a02 -> 
  custom:container-muxer-webm: aa71ff27fc2769a1b78a27578f13a17b -> 
  custom:video-decoder-webm-vp8: 9c59270c3fd7afecdb556c50c9e8de78 -> 
  custom:SearchIndexIgnoredProperties: e643bd26f0fe6173181afceb89e7c659 -> 
  custom:AudioImporter_EditorPlatform: d09bf68614088b80899f8185d706f6e7 -> 
  custom:video-encoder-webm-vp8: eb34c28f22e8b96e1ab97ce403110664 -> 
  custom:audio-decoder-ogg-vorbis: bf7c407c2cedff20999df2af8eb42d56 -> 
  custom:audio-encoder-webm-vorbis: bf7c407c2cedff20999df2af8eb42d56 -> 
Editor requested this worker to shutdown with reason: Scaling down because of idle timeout
TcpMessagingSession - receive error: operation aborted. errorcode: 995, details: La operacin de E/S se anul por una salida de subproceso o por una solicitud de aplicacin.
AssetImportWorker is now disconnected from the server
Process exiting
Exiting without the bug reporter. Application will terminate with return code 0